[read]:{"key":"key","value":[118,97,108,117,101]}
[read]:{"key":"tea","value":[83,43,44,97]}
[remove]:"tea"
[read]:{"key":"key3","value":[38,34,101]}
[read]:{"key":"vvvd","value":[102,100,115,102,100,115,102]}
[remove]:"vvvd"
[read]:{"key":"slav","value":[115,117,112,101,114,95,98,117,100,100,121]}
[read]:{"key":"key","value":[118,108,97,117,101,117,117,117,101]}
[read]:{"key":"key","value":[115,111,109,101,95,114,97,110,100,111,109,95,118,97,108,117,101,95,112,114,101,115,101,110,116,95,104,101,114,101]}
[remove]:"key"
[read]:{"key":"random","value":[118,97,108,117,101,95,107,101,121]}
[read]:{"key":"random","value":[118,97,108,107,101,121]}

[read]:{"key":"key89","value":[100,102,106,97,119,101,111,105,102,106,119,102,97,100,115,102,100,115,97,102,100,115,97,102]}
[read]:{"key":"string1","value":[3,2,3,4,5,6,7,4]}
[read]:{"key":"strindfsfdsgdd1","value":[3,2,3,4,5,6,7,4]}

[read]:{"key":"rrr","value":[3,2,3,4,5,6,7,4]}

[read]:{"key":"were","value":[102,106,105,119,101,111,102,106,105,119,101,102,111,106,102,111,105,119,101,97,102,106,97,119,101,102]}

[read]:{"key":"uioruweor","value":[114,117,119,101,105,111,114,114,119,101,105,111,114,119,101,114,119,101,114]}


[read]:{"key":"rr","value":[114,101,119,114,119,101,119,114,119,114]}
[read]:{"key":"oiewru","value":[119,101,114,117,105,111,117,114,111,105,102,106,100,115,105,102,106,115,100,105,111,102,110,106,100,115,105,102,115,102]}
[read]:{"key":"urieworuior","value":[105,114,119,101,111,117,114,111,119,101,117,117,105,111,114,117,119,101,111,105,114,101,119]}
[read]:{"key":"rrr","value":[117,114,119,101,114,114,114,114,114,114,114,114,114,114,114,114,114,114,114,114,114,114,114,114,114,114,114,114,114,114,114,114,114]}
[read]:{"key":"uoiuouiu","value":[102,117,119,105,111,101,117,114,119,101,117,114,119,117,101,114,117,119,114,117,119,101,114,111]}

[read]:{"key":"remy1","value":[114,101,109,121,95,105,115,95,97,119,101,115,111,109,101]}
[read]:{"key":"remy12","value":[114,101,109,121,95,105,115,95,97,119,101,115,111,109,101,95,51]}
[read]:{"key":"remy123","value":[114,101,109,121,95,105,115,95,97,119,101,115,111,109,101,95,51]}
[read]:{"key":"remy1234","value":[114,101,109,121,95,105,115,95,97,119,101,115,111,109,101,95,51]}
[read]:{"key":"remyffdfd1234","value":[114,101,109,121,95,105,115,95,97,119,101,115,111,109,101,95,51]}
[read]:{"key":"iemyffdfd1234","value":[114,101,109,121,95,105,115,95,97,119,101,115,111,109,101,95,51]}

